{"message":"error","level":"error"}
{"message":"warn","level":"warn"}
{"message":"info","level":"info"}
{"message":"SERVER RUNNING AT PORT 3000","level":"info"}
{"message":"error","level":"error"}
{"message":"warn","level":"warn"}
{"message":"info","level":"info"}
{"message":"SERVER RUNNING AT PORT 3000","level":"info"}
{"message":"error","level":"error"}
{"message":"error","level":"error"}
{"message":"error","level":"error"}
{"message":"error","level":"error"}
{"message":"error","level":"error"}
{"message":"error","level":"error"}
{"message":"error","level":"error"}
{"message":"error","level":"error"}
{"message":"error","level":"error"}
{"message":"error","level":"error"}
{"message":"error","level":"error"}
{"message":"error","level":"error"}
{"message":"error","level":"error"}
{"message":"error","level":"error"}
2021-01-24T02:29:57.686Z error error
2021-01-24T02:30:37.491Z error error
2021-01-24T02:30:56.034Z [error error
2021-01-24T02:30:57.905Z [error] error
2021-01-24T02:31:06.417Z [error] : error
2021-01-24T02:31:22.145Z [undefined] : error
2021-01-24T02:31:25.285Z [error  ] : error
2021-01-24T02:32:44.394Z [error  ] : error
2021-01-24T02:33:00.617Z [error  ] : error
2021-01-24T02:33:06.628Z [error  ] : error
23-01-2021 23:35:52 [error  ] : error
23-01-2021 23:35:55 [error  ] : error
23-01-2021 | 23:36:11 [error  ] : error
| 23-01-2021 | 23:36:22 [error  ] : error
| 23-01-2021 | 23:36:35 [ERROR  ] : error
23-01-2021 | 23:36:49 [ERROR  ] : error
23-01-2021 | 23:36:59 | [ERROR  ] : error
23-01-2021 - 23:37:11 | [ERROR  ] : error
23-01-2021 - 23:40:44 | [ERROR  ] : error
23-01-2021 - 23:40:57 | [ERROR  ] : error
23-01-2021 - 23:41:07 | [ERROR  ] : error
23-01-2021 - 23:41:12 | [ERROR  ] : error
23-01-2021 - 23:43:18 | [ERROR  ] : error
23-01-2021 - 23:43:21 | [ERROR  ] : error
23-01-2021 - 23:43:36 oo [ERROR  ] : error
23-01-2021 - 23:44:07 oo [ERROR  ] : error
23-01-2021 - 23:44:10 oo [ERROR  ] : error
23-01-2021 - 23:44:14 || [ERROR  ] : error
23-01-2021 - 23:44:39 oo [ERROR  ] : error
23-01-2021 - 23:44:48 oo [ERROR  ] : error
23-01-2021 - 23:45:02 oo [ERROR  ] : error
23-01-2021 - 23:45:06 oo [ERROR  ] : error
23-01-2021 - 23:45:09 oo [ERROR  ] : error
25-01-2021 - 02:10:05  [ERROR  ] : error
25-01-2021 - 02:10:05  [WARN   ] : warn
25-01-2021 - 02:10:05  [INFO   ] : info
25-01-2021 - 02:10:05  [VERBOSE] : verbose
25-01-2021 - 02:10:05  [DEBUG  ] : debug
25-01-2021 - 02:10:05  [INFO   ] : SERVER RUNNING AT PORT 3000. Version: 1.0.0
25-01-2021 - 02:26:32  [ERROR  ] : error
25-01-2021 - 02:26:32  [WARN   ] : warn
25-01-2021 - 02:26:32  [INFO   ] : info
25-01-2021 - 02:26:32  [VERBOSE] : verbose
25-01-2021 - 02:26:32  [DEBUG  ] : debug
25-01-2021 - 02:26:32  [INFO   ] : SERVER RUNNING AT PORT 3000. Version: 1.0.0
04-02-2021 - 04:07:30  [INFO   ] : NODE_ENV: 
04-02-2021 - 04:07:30  [INFO   ] : SERVER RUNNING AT PORT 3000. Version: 1.3.0
04-02-2021 - 04:08:54  [INFO   ] : false
